c:\users\wuyij\documents\github\network-game-development\network game development coursework\assets\networkaccess\networkaccess\x64\debug\vc143.pdb
c:\users\wuyij\documents\github\network-game-development\network game development coursework\assets\networkaccess\networkaccess\x64\debug\vc143.idb
c:\users\wuyij\documents\github\network-game-development\network game development coursework\assets\networkaccess\networkaccess\x64\debug\dllmain.obj
c:\users\wuyij\documents\github\network-game-development\network game development coursework\assets\networkaccess\networkaccess\x64\debug\server.obj
c:\users\wuyij\documents\github\network-game-development\network game development coursework\assets\networkaccess\networkaccess\x64\debug\client.obj
c:\users\wuyij\documents\github\network-game-development\network game development coursework\assets\networkaccess\networkaccess\x64\debug\networkaccess.pch
c:\users\wuyij\documents\github\network-game-development\network game development coursework\assets\networkaccess\networkaccess\x64\debug\pch.obj
c:\users\wuyij\documents\github\network-game-development\network game development coursework\assets\networkaccess\x64\debug\networkaccess.lib
c:\users\wuyij\documents\github\network-game-development\network game development coursework\assets\networkaccess\x64\debug\networkaccess.exp
c:\users\wuyij\documents\github\network game development coursework\assets\networkaccess\x64\debug\networkaccess.lib
c:\users\wuyij\documents\github\network game development coursework\assets\networkaccess\x64\debug\networkaccess.exp
c:\users\wuyij\documents\github\network-game-development\network game development coursework\assets\networkaccess\networkaccess\x64\debug\client.obj.meta
c:\users\wuyij\documents\github\network-game-development\network game development coursework\assets\networkaccess\networkaccess\x64\debug\dllmain.obj.meta
c:\users\wuyij\documents\github\network-game-development\network game development coursework\assets\networkaccess\networkaccess\x64\debug\networkaccess.dll.recipe.meta
c:\users\wuyij\documents\github\network-game-development\network game development coursework\assets\networkaccess\networkaccess\x64\debug\networkaccess.ilk.meta
c:\users\wuyij\documents\github\network-game-development\network game development coursework\assets\networkaccess\networkaccess\x64\debug\networkaccess.log.meta
c:\users\wuyij\documents\github\network-game-development\network game development coursework\assets\networkaccess\networkaccess\x64\debug\networkaccess.pch.meta
c:\users\wuyij\documents\github\network-game-development\network game development coursework\assets\networkaccess\networkaccess\x64\debug\networkaccess.tlog.meta
c:\users\wuyij\documents\github\network-game-development\network game development coursework\assets\networkaccess\networkaccess\x64\debug\pch.obj.meta
c:\users\wuyij\documents\github\network-game-development\network game development coursework\assets\networkaccess\networkaccess\x64\debug\server.obj.meta
c:\users\wuyij\documents\github\network-game-development\network game development coursework\assets\networkaccess\networkaccess\x64\debug\vc143.idb.meta
c:\users\wuyij\documents\github\network-game-development\network game development coursework\assets\networkaccess\networkaccess\x64\debug\vc143.pdb.meta
c:\users\wuyij\documents\github\network-game-development\network game development coursework\assets\networkaccess\networkaccess\x64\debug\vcpkg.applocal.log.meta
c:\users\wuyij\documents\github\network-game-development\network game development coursework\assets\networkaccess\x64\debug\networkaccess.pdb
c:\users\wuyij\documents\github\network-game-development\network game development coursework\assets\networkaccess\networkaccess\x64\debug\networkaccess.tlog\cl.command.1.tlog.meta
c:\users\wuyij\documents\github\network-game-development\network game development coursework\assets\networkaccess\networkaccess\x64\debug\networkaccess.tlog\cl.items.tlog.meta
c:\users\wuyij\documents\github\network-game-development\network game development coursework\assets\networkaccess\networkaccess\x64\debug\networkaccess.tlog\cl.read.1.tlog.meta
c:\users\wuyij\documents\github\network-game-development\network game development coursework\assets\networkaccess\networkaccess\x64\debug\networkaccess.tlog\cl.write.1.tlog.meta
c:\users\wuyij\documents\github\network-game-development\network game development coursework\assets\networkaccess\networkaccess\x64\debug\networkaccess.tlog\link.command.1.tlog.meta
c:\users\wuyij\documents\github\network-game-development\network game development coursework\assets\networkaccess\networkaccess\x64\debug\networkaccess.tlog\link.read.1.tlog.meta
c:\users\wuyij\documents\github\network-game-development\network game development coursework\assets\networkaccess\networkaccess\x64\debug\networkaccess.tlog\link.write.1.tlog.meta
c:\users\wuyij\documents\github\network-game-development\network game development coursework\assets\networkaccess\networkaccess\x64\debug\networkaccess.tlog\link.write.2u.tlog.meta
c:\users\wuyij\documents\github\network-game-development\network game development coursework\assets\networkaccess\networkaccess\x64\debug\networkaccess.tlog\networkaccess.lastbuildstate.meta
c:\users\wuyij\documents\github\network-game-development\network game development coursework\assets\networkaccess\networkaccess\x64\debug\networkaccess.tlog\cl.command.1.tlog
c:\users\wuyij\documents\github\network-game-development\network game development coursework\assets\networkaccess\networkaccess\x64\debug\networkaccess.tlog\cl.items.tlog
c:\users\wuyij\documents\github\network-game-development\network game development coursework\assets\networkaccess\networkaccess\x64\debug\networkaccess.tlog\cl.read.1.tlog
c:\users\wuyij\documents\github\network-game-development\network game development coursework\assets\networkaccess\networkaccess\x64\debug\networkaccess.tlog\cl.write.1.tlog
c:\users\wuyij\documents\github\network-game-development\network game development coursework\assets\networkaccess\networkaccess\x64\debug\networkaccess.tlog\link-cvtres.read.1.tlog
c:\users\wuyij\documents\github\network-game-development\network game development coursework\assets\networkaccess\networkaccess\x64\debug\networkaccess.tlog\link-cvtres.write.1.tlog
c:\users\wuyij\documents\github\network-game-development\network game development coursework\assets\networkaccess\networkaccess\x64\debug\networkaccess.tlog\link-rc.read.1.tlog
c:\users\wuyij\documents\github\network-game-development\network game development coursework\assets\networkaccess\networkaccess\x64\debug\networkaccess.tlog\link-rc.write.1.tlog
c:\users\wuyij\documents\github\network-game-development\network game development coursework\assets\networkaccess\networkaccess\x64\debug\networkaccess.tlog\link.command.1.tlog
c:\users\wuyij\documents\github\network-game-development\network game development coursework\assets\networkaccess\networkaccess\x64\debug\networkaccess.tlog\link.delete.1.tlog
c:\users\wuyij\documents\github\network-game-development\network game development coursework\assets\networkaccess\networkaccess\x64\debug\networkaccess.tlog\link.read.1.tlog
c:\users\wuyij\documents\github\network-game-development\network game development coursework\assets\networkaccess\networkaccess\x64\debug\networkaccess.tlog\link.read.2.tlog
c:\users\wuyij\documents\github\network-game-development\network game development coursework\assets\networkaccess\networkaccess\x64\debug\networkaccess.tlog\link.read.3.tlog
c:\users\wuyij\documents\github\network-game-development\network game development coursework\assets\networkaccess\networkaccess\x64\debug\networkaccess.tlog\link.read.4.tlog
c:\users\wuyij\documents\github\network-game-development\network game development coursework\assets\networkaccess\networkaccess\x64\debug\networkaccess.tlog\link.read.5.tlog
c:\users\wuyij\documents\github\network-game-development\network game development coursework\assets\networkaccess\networkaccess\x64\debug\networkaccess.tlog\link.write.1.tlog
c:\users\wuyij\documents\github\network-game-development\network game development coursework\assets\networkaccess\networkaccess\x64\debug\networkaccess.tlog\link.write.2u.tlog
